[0.000000] (-) TimerEvent: {}
[0.002146] (controller) JobQueued: {'identifier': 'controller', 'dependencies': OrderedDict()}
[0.002846] (cv_subsystem) JobQueued: {'identifier': 'cv_subsystem', 'dependencies': OrderedDict()}
[0.003499] (nlp_subsystem) JobQueued: {'identifier': 'nlp_subsystem', 'dependencies': OrderedDict()}
[0.003730] (robot_interfaces) JobQueued: {'identifier': 'robot_interfaces', 'dependencies': OrderedDict()}
[0.004064] (user_interface) JobQueued: {'identifier': 'user_interface', 'dependencies': OrderedDict()}
[0.004276] (DASH_bringup) JobQueued: {'identifier': 'DASH_bringup', 'dependencies': OrderedDict([('controller', '/home/dash/Desktop/ros_ws/install/controller'), ('cv_subsystem', '/home/dash/Desktop/ros_ws/install/cv_subsystem'), ('nlp_subsystem', '/home/dash/Desktop/ros_ws/install/nlp_subsystem')])}
[0.004413] (controller) JobStarted: {'identifier': 'controller'}
[0.054924] (cv_subsystem) JobStarted: {'identifier': 'cv_subsystem'}
[0.097306] (nlp_subsystem) JobStarted: {'identifier': 'nlp_subsystem'}
[0.100382] (-) TimerEvent: {}
[0.146412] (robot_interfaces) JobStarted: {'identifier': 'robot_interfaces'}
[0.200594] (-) TimerEvent: {}
[0.301509] (-) TimerEvent: {}
[0.402565] (-) TimerEvent: {}
[0.503427] (-) TimerEvent: {}
[0.604229] (-) TimerEvent: {}
[0.705083] (-) TimerEvent: {}
[0.805972] (-) TimerEvent: {}
[0.906757] (-) TimerEvent: {}
[1.007679] (-) TimerEvent: {}
[1.108463] (-) TimerEvent: {}
[1.209222] (-) TimerEvent: {}
[1.310079] (-) TimerEvent: {}
[1.410889] (-) TimerEvent: {}
[1.511692] (-) TimerEvent: {}
[1.612516] (-) TimerEvent: {}
[1.713274] (-) TimerEvent: {}
[1.814111] (-) TimerEvent: {}
[1.915076] (-) TimerEvent: {}
[2.016273] (-) TimerEvent: {}
[2.119106] (-) TimerEvent: {}
[2.220012] (-) TimerEvent: {}
[2.320848] (-) TimerEvent: {}
[2.421743] (-) TimerEvent: {}
[2.522644] (-) TimerEvent: {}
[2.623487] (-) TimerEvent: {}
[2.724278] (-) TimerEvent: {}
[2.825107] (-) TimerEvent: {}
[2.925890] (-) TimerEvent: {}
[3.026685] (-) TimerEvent: {}
[3.127513] (-) TimerEvent: {}
[3.228337] (-) TimerEvent: {}
[3.329213] (-) TimerEvent: {}
[3.430022] (-) TimerEvent: {}
[3.530888] (-) TimerEvent: {}
[3.631844] (-) TimerEvent: {}
[3.732857] (-) TimerEvent: {}
[3.834181] (-) TimerEvent: {}
[3.935694] (-) TimerEvent: {}
[4.036546] (-) TimerEvent: {}
[4.137536] (-) TimerEvent: {}
[4.238344] (-) TimerEvent: {}
[4.339191] (-) TimerEvent: {}
[4.440003] (-) TimerEvent: {}
[4.540782] (-) TimerEvent: {}
[4.641588] (-) TimerEvent: {}
[4.742443] (-) TimerEvent: {}
[4.843226] (-) TimerEvent: {}
[4.943993] (-) TimerEvent: {}
[5.044863] (-) TimerEvent: {}
[5.145707] (-) TimerEvent: {}
[5.246773] (-) TimerEvent: {}
[5.347984] (-) TimerEvent: {}
[5.448975] (-) TimerEvent: {}
[5.550411] (-) TimerEvent: {}
[5.559815] (robot_interfaces) JobProgress: {'identifier': 'robot_interfaces', 'progress': 'cmake'}
[5.614521] (robot_interfaces) JobProgress: {'identifier': 'robot_interfaces', 'progress': 'build'}
[5.621201] (robot_interfaces) Command: {'cmd': ['/usr/bin/cmake', '--build', '/home/dash/Desktop/ros_ws/build/robot_interfaces', '--', '-j4', '-l4'], 'cwd': '/home/dash/Desktop/ros_ws/build/robot_interfaces', 'env': OrderedDict([('LESSOPEN', '| /usr/bin/lesspipe %s'), ('USER', 'dash'), ('SSH_CLIENT', '172.20.10.9 51087 22'), ('LC_TIME', 'ar_SA.UTF-8'), ('XDG_SESSION_TYPE', 'tty'), ('GIT_ASKPASS', '/home/dash/.vscode-server/cli/servers/Stable-dc96b837cf6bb4af9cd736aa3af08cf8279f7685/server/extensions/git/dist/askpass.sh'), ('SHLVL', '2'), ('LD_LIBRARY_PATH', '/home/dash/Desktop/ros_ws/install/robot_interfaces/lib:/home/dash/Desktop/depthai-ros/install/depthai_ros_driver/lib:/home/dash/Desktop/depthai-ros/install/depthai_filters/lib:/home/dash/Desktop/depthai-ros/install/depthai_bridge/lib:/home/dash/Desktop/depthai-ros/install/depthai_ros_msgs/lib:/opt/ros/humble/opt/rviz_ogre_vendor/lib:/opt/ros/humble/lib/aarch64-linux-gnu:/opt/ros/humble/lib'), ('BROWSER', '/home/dash/.vscode-server/cli/servers/Stable-dc96b837cf6bb4af9cd736aa3af08cf8279f7685/server/bin/helpers/browser.sh'), ('MOTD_SHOWN', 'pam'), ('HOME', '/home/dash'), ('OLDPWD', '/home/dash/Desktop'), ('TERM_PROGRAM_VERSION', '1.89.1'), ('VSCODE_IPC_HOOK_CLI', '/run/user/1000/vscode-ipc-08eb3ce2-7f40-47b8-a0a1-cd839f10e4e4.sock'), ('ROS_PYTHON_VERSION', '3'), ('VSCODE_GIT_ASKPASS_MAIN', '/home/dash/.vscode-server/cli/servers/Stable-dc96b837cf6bb4af9cd736aa3af08cf8279f7685/server/extensions/git/dist/askpass-main.js'), ('LC_MONETARY', 'ar_SA.UTF-8'), ('VSCODE_GIT_ASKPASS_NODE', '/home/dash/.vscode-server/cli/servers/Stable-dc96b837cf6bb4af9cd736aa3af08cf8279f7685/server/node'), ('SSL_CERT_FILE', '/usr/lib/ssl/certs/ca-certificates.crt'), ('DBUS_SESSION_BUS_ADDRESS', 'unix:path=/run/user/1000/bus'), ('COLORTERM', 'truecolor'), ('COLCON_PREFIX_PATH', '/home/dash/Desktop/depthai-ros/install:/home/dash/Desktop/ros_ws/install'), ('ROS_DISTRO', 'humble'), ('LOGNAME', 'dash'), ('IGN_GAZEBO_MODEL_PATH', '/home/dash/Desktop/depthai-ros/install/depthai_descriptions/share'), ('_', '/usr/bin/colcon'), ('ROS_VERSION', '2'), ('XDG_SESSION_CLASS', 'user'), ('TERM', 'xterm-256color'), ('XDG_SESSION_ID', '4'), ('GAZEBO_MODEL_PATH', '/home/dash/Desktop/depthai-ros/install/depthai_descriptions/share'), ('ROS_LOCALHOST_ONLY', '0'), ('PATH', '/opt/ros/humble/bin:/home/dash/.vscode-server/cli/servers/Stable-dc96b837cf6bb4af9cd736aa3af08cf8279f7685/server/bin/remote-cli:/home/dash/.local/bin:/usr/local/sbin:/usr/local/bin:/usr/sbin:/usr/bin:/sbin:/bin:/usr/games:/usr/local/games:/snap/bin:/home/dash/Luxonis/depthai/entrypoint'), ('LC_ADDRESS', 'ar_SA.UTF-8'), ('XDG_RUNTIME_DIR', '/run/user/1000'), ('SSL_CERT_DIR', '/usr/lib/ssl/certs'), ('LANG', 'en_US.UTF-8'), ('LC_TELEPHONE', 'ar_SA.UTF-8'), ('LS_COLORS', 'rs=0:di=01;34:ln=01;36:mh=00:pi=40;33:so=01;35:do=01;35:bd=40;33;01:cd=40;33;01:or=40;31;01:mi=00:su=37;41:sg=30;43:ca=30;41:tw=30;42:ow=34;42:st=37;44:ex=01;32:*.tar=01;31:*.tgz=01;31:*.arc=01;31:*.arj=01;31:*.taz=01;31:*.lha=01;31:*.lz4=01;31:*.lzh=01;31:*.lzma=01;31:*.tlz=01;31:*.txz=01;31:*.tzo=01;31:*.t7z=01;31:*.zip=01;31:*.z=01;31:*.dz=01;31:*.gz=01;31:*.lrz=01;31:*.lz=01;31:*.lzo=01;31:*.xz=01;31:*.zst=01;31:*.tzst=01;31:*.bz2=01;31:*.bz=01;31:*.tbz=01;31:*.tbz2=01;31:*.tz=01;31:*.deb=01;31:*.rpm=01;31:*.jar=01;31:*.war=01;31:*.ear=01;31:*.sar=01;31:*.rar=01;31:*.alz=01;31:*.ace=01;31:*.zoo=01;31:*.cpio=01;31:*.7z=01;31:*.rz=01;31:*.cab=01;31:*.wim=01;31:*.swm=01;31:*.dwm=01;31:*.esd=01;31:*.jpg=01;35:*.jpeg=01;35:*.mjpg=01;35:*.mjpeg=01;35:*.gif=01;35:*.bmp=01;35:*.pbm=01;35:*.pgm=01;35:*.ppm=01;35:*.tga=01;35:*.xbm=01;35:*.xpm=01;35:*.tif=01;35:*.tiff=01;35:*.png=01;35:*.svg=01;35:*.svgz=01;35:*.mng=01;35:*.pcx=01;35:*.mov=01;35:*.mpg=01;35:*.mpeg=01;35:*.m2v=01;35:*.mkv=01;35:*.webm=01;35:*.webp=01;35:*.ogm=01;35:*.mp4=01;35:*.m4v=01;35:*.mp4v=01;35:*.vob=01;35:*.qt=01;35:*.nuv=01;35:*.wmv=01;35:*.asf=01;35:*.rm=01;35:*.rmvb=01;35:*.flc=01;35:*.avi=01;35:*.fli=01;35:*.flv=01;35:*.gl=01;35:*.dl=01;35:*.xcf=01;35:*.xwd=01;35:*.yuv=01;35:*.cgm=01;35:*.emf=01;35:*.ogv=01;35:*.ogx=01;35:*.aac=00;36:*.au=00;36:*.flac=00;36:*.m4a=00;36:*.mid=00;36:*.midi=00;36:*.mka=00;36:*.mp3=00;36:*.mpc=00;36:*.ogg=00;36:*.ra=00;36:*.wav=00;36:*.oga=00;36:*.opus=00;36:*.spx=00;36:*.xspf=00;36:'), ('VSCODE_GIT_IPC_HANDLE', '/run/user/1000/vscode-git-be7fb9c7ef.sock'), ('TERM_PROGRAM', 'vscode'), ('AMENT_PREFIX_PATH', '/home/dash/Desktop/ros_ws/install/user_interface:/home/dash/Desktop/ros_ws/install/robot_interfaces:/home/dash/Desktop/ros_ws/install/DASH_bringup:/home/dash/Desktop/ros_ws/install/nlp_subsystem:/home/dash/Desktop/ros_ws/install/cv_subsystem:/home/dash/Desktop/ros_ws/install/controller:/home/dash/Desktop/depthai-ros/install/depthai-ros:/home/dash/Desktop/depthai-ros/install/depthai_ros_driver:/home/dash/Desktop/depthai-ros/install/depthai_filters:/home/dash/Desktop/depthai-ros/install/depthai_examples:/home/dash/Desktop/depthai-ros/install/depthai_bridge:/home/dash/Desktop/depthai-ros/install/depthai_ros_msgs:/home/dash/Desktop/depthai-ros/install/depthai_descriptions:/opt/ros/humble'), ('SHELL', '/bin/bash'), ('LC_NAME', 'ar_SA.UTF-8'), ('LESSCLOSE', '/usr/bin/lesspipe %s %s'), ('IGN_GAZEBO_RESOURCE_PATH', '/home/dash/Desktop/depthai-ros/install/depthai_descriptions/share'), ('LC_MEASUREMENT', 'ar_SA.UTF-8'), ('GAZEBO_RESOURCE_PATH', '/home/dash/Desktop/depthai-ros/install/depthai_descriptions/share'), ('LC_IDENTIFICATION', 'ar_SA.UTF-8'), ('VSCODE_GIT_ASKPASS_EXTRA_ARGS', ''), ('PWD', '/home/dash/Desktop/ros_ws/build/robot_interfaces'), ('LC_ALL', 'en_US.UTF-8'), ('SSH_CONNECTION', '172.20.10.9 51087 172.20.10.2 22'), ('XDG_DATA_DIRS', '/usr/share/gnome:/usr/local/share:/usr/share:/var/lib/snapd/desktop'), ('PYTHONPATH', '/home/dash/Desktop/ros_ws/install/user_interface/lib/python3.10/site-packages:/home/dash/Desktop/ros_ws/install/robot_interfaces/local/lib/python3.10/dist-packages:/home/dash/Desktop/ros_ws/install/nlp_subsystem/lib/python3.10/site-packages:/home/dash/Desktop/ros_ws/install/cv_subsystem/lib/python3.10/site-packages:/home/dash/Desktop/ros_ws/install/controller/lib/python3.10/site-packages:/home/dash/Desktop/depthai-ros/install/depthai_ros_driver/local/lib/python3.10/dist-packages:/home/dash/Desktop/depthai-ros/install/depthai_ros_msgs/local/lib/python3.10/dist-packages:/opt/ros/humble/lib/python3.10/site-packages:/opt/ros/humble/local/lib/python3.10/dist-packages'), ('LC_NUMERIC', 'ar_SA.UTF-8'), ('LC_PAPER', 'ar_SA.UTF-8'), ('COLCON', '1'), ('CMAKE_PREFIX_PATH', '/home/dash/Desktop/ros_ws/install/robot_interfaces:/home/dash/Desktop/ros_ws/install/DASH_bringup:/home/dash/Desktop/depthai-ros/install/depthai-ros:/home/dash/Desktop/depthai-ros/install/depthai_ros_driver:/home/dash/Desktop/depthai-ros/install/depthai_filters:/home/dash/Desktop/depthai-ros/install/depthai_examples:/home/dash/Desktop/depthai-ros/install/depthai_bridge:/home/dash/Desktop/depthai-ros/install/depthai_ros_msgs:/home/dash/Desktop/depthai-ros/install/depthai_descriptions:/home/dash/Desktop/ros_ws/install/user_interface:/home/dash/Desktop/ros_ws/install/nlp_subsystem:/home/dash/Desktop/ros_ws/install/cv_subsystem:/home/dash/Desktop/ros_ws/install/controller:/opt/ros/humble')]), 'shell': False}
[5.652239] (-) TimerEvent: {}
[5.756768] (-) TimerEvent: {}
[5.867812] (-) TimerEvent: {}
[5.970056] (-) TimerEvent: {}
[6.083548] (-) TimerEvent: {}
[6.187475] (-) TimerEvent: {}
[6.193885] (robot_interfaces) StdoutLine: {'line': b'[ 11%] Built target robot_interfaces__rosidl_generator_c\n'}
[6.285025] (robot_interfaces) StdoutLine: {'line': b'[ 12%] Built target robot_interfaces__cpp\n'}
[6.289945] (-) TimerEvent: {}
[6.395861] (-) TimerEvent: {}
[6.546341] (-) TimerEvent: {}
[6.585905] (robot_interfaces) StdoutLine: {'line': b'[ 23%] Built target robot_interfaces__rosidl_typesupport_introspection_c\n'}
[6.646531] (-) TimerEvent: {}
[6.715198] (robot_interfaces) StdoutLine: {'line': b'[ 23%] Built target ament_cmake_python_copy_robot_interfaces\n'}
[6.746754] (-) TimerEvent: {}
[6.841176] (robot_interfaces) StdoutLine: {'line': b'[ 34%] Built target robot_interfaces__rosidl_typesupport_c\n'}
[6.848709] (-) TimerEvent: {}
[6.950319] (-) TimerEvent: {}
[7.053263] (-) TimerEvent: {}
[7.066015] (robot_interfaces) StdoutLine: {'line': b'[ 46%] Built target robot_interfaces__rosidl_typesupport_fastrtps_cpp\n'}
[7.153438] (-) TimerEvent: {}
[7.181426] (robot_interfaces) StdoutLine: {'line': b'[ 57%] Built target robot_interfaces__rosidl_typesupport_introspection_cpp\n'}
[7.253642] (-) TimerEvent: {}
[7.292012] (robot_interfaces) StdoutLine: {'line': b'[ 68%] Built target robot_interfaces__rosidl_typesupport_cpp\n'}
[7.353864] (-) TimerEvent: {}
[7.455317] (-) TimerEvent: {}
[7.557339] (-) TimerEvent: {}
[7.615410] (robot_interfaces) StdoutLine: {'line': b'[ 79%] Built target robot_interfaces__rosidl_typesupport_fastrtps_c\n'}
[7.662701] (-) TimerEvent: {}
[7.764278] (-) TimerEvent: {}
[7.866611] (-) TimerEvent: {}
[7.972677] (-) TimerEvent: {}
[7.998112] (robot_interfaces) StdoutLine: {'line': b'[ 79%] Built target robot_interfaces\n'}
[8.072882] (-) TimerEvent: {}
[8.177639] (-) TimerEvent: {}
[8.216885] (robot_interfaces) StdoutLine: {'line': b'[ 80%] Built target robot_interfaces__py\n'}
[8.277825] (-) TimerEvent: {}
[8.378863] (-) TimerEvent: {}
[8.444494] (robot_interfaces) StdoutLine: {'line': b'[ 90%] Built target robot_interfaces__rosidl_generator_py\n'}
[8.479060] (-) TimerEvent: {}
[8.580551] (-) TimerEvent: {}
[8.647683] (robot_interfaces) StdoutLine: {'line': b'[ 93%] Built target robot_interfaces__rosidl_typesupport_fastrtps_c__pyext\n'}
[8.680760] (-) TimerEvent: {}
[8.802363] (-) TimerEvent: {}
[8.907198] (-) TimerEvent: {}
[8.972164] (robot_interfaces) StdoutLine: {'line': b'[ 96%] Built target robot_interfaces__rosidl_typesupport_c__pyext\n'}
[9.007390] (-) TimerEvent: {}
[9.109222] (-) TimerEvent: {}
[9.211714] (-) TimerEvent: {}
[9.235722] (robot_interfaces) StdoutLine: {'line': b'[100%] Built target robot_interfaces__rosidl_typesupport_introspection_c__pyext\n'}
[9.320451] (cv_subsystem) Command: {'cmd': ['/usr/bin/python3', '-W', 'ignore:setup.py install is deprecated', 'setup.py', 'egg_info', '--egg-base', '../../build/cv_subsystem', 'build', '--build-base', '/home/dash/Desktop/ros_ws/build/cv_subsystem/build', 'install', '--record', '/home/dash/Desktop/ros_ws/build/cv_subsystem/install.log', '--single-version-externally-managed', 'install_data'], 'cwd': '/home/dash/Desktop/ros_ws/src/cv_subsystem', 'env': {'LESSOPEN': '| /usr/bin/lesspipe %s', 'USER': 'dash', 'SSH_CLIENT': '172.20.10.9 51087 22', 'LC_TIME': 'ar_SA.UTF-8', 'XDG_SESSION_TYPE': 'tty', 'GIT_ASKPASS': '/home/dash/.vscode-server/cli/servers/Stable-dc96b837cf6bb4af9cd736aa3af08cf8279f7685/server/extensions/git/dist/askpass.sh', 'SHLVL': '2', 'LD_LIBRARY_PATH': '/home/dash/Desktop/ros_ws/install/robot_interfaces/lib:/home/dash/Desktop/depthai-ros/install/depthai_ros_driver/lib:/home/dash/Desktop/depthai-ros/install/depthai_filters/lib:/home/dash/Desktop/depthai-ros/install/depthai_bridge/lib:/home/dash/Desktop/depthai-ros/install/depthai_ros_msgs/lib:/opt/ros/humble/opt/rviz_ogre_vendor/lib:/opt/ros/humble/lib/aarch64-linux-gnu:/opt/ros/humble/lib', 'BROWSER': '/home/dash/.vscode-server/cli/servers/Stable-dc96b837cf6bb4af9cd736aa3af08cf8279f7685/server/bin/helpers/browser.sh', 'MOTD_SHOWN': 'pam', 'HOME': '/home/dash', 'OLDPWD': '/home/dash/Desktop', 'TERM_PROGRAM_VERSION': '1.89.1', 'VSCODE_IPC_HOOK_CLI': '/run/user/1000/vscode-ipc-08eb3ce2-7f40-47b8-a0a1-cd839f10e4e4.sock', 'ROS_PYTHON_VERSION': '3', 'VSCODE_GIT_ASKPASS_MAIN': '/home/dash/.vscode-server/cli/servers/Stable-dc96b837cf6bb4af9cd736aa3af08cf8279f7685/server/extensions/git/dist/askpass-main.js', 'LC_MONETARY': 'ar_SA.UTF-8', 'VSCODE_GIT_ASKPASS_NODE': '/home/dash/.vscode-server/cli/servers/Stable-dc96b837cf6bb4af9cd736aa3af08cf8279f7685/server/node', 'SSL_CERT_FILE': '/usr/lib/ssl/certs/ca-certificates.crt', 'DBUS_SESSION_BUS_ADDRESS': 'unix:path=/run/user/1000/bus', 'COLORTERM': 'truecolor', 'COLCON_PREFIX_PATH': '/home/dash/Desktop/depthai-ros/install:/home/dash/Desktop/ros_ws/install', 'ROS_DISTRO': 'humble', 'LOGNAME': 'dash', 'IGN_GAZEBO_MODEL_PATH': '/home/dash/Desktop/depthai-ros/install/depthai_descriptions/share', '_': '/usr/bin/colcon', 'ROS_VERSION': '2', 'XDG_SESSION_CLASS': 'user', 'TERM': 'xterm-256color', 'XDG_SESSION_ID': '4', 'GAZEBO_MODEL_PATH': '/home/dash/Desktop/depthai-ros/install/depthai_descriptions/share', 'ROS_LOCALHOST_ONLY': '0', 'PATH': '/opt/ros/humble/bin:/home/dash/.vscode-server/cli/servers/Stable-dc96b837cf6bb4af9cd736aa3af08cf8279f7685/server/bin/remote-cli:/home/dash/.local/bin:/usr/local/sbin:/usr/local/bin:/usr/sbin:/usr/bin:/sbin:/bin:/usr/games:/usr/local/games:/snap/bin:/home/dash/Luxonis/depthai/entrypoint', 'LC_ADDRESS': 'ar_SA.UTF-8', 'XDG_RUNTIME_DIR': '/run/user/1000', 'SSL_CERT_DIR': '/usr/lib/ssl/certs', 'LANG': 'en_US.UTF-8', 'LC_TELEPHONE': 'ar_SA.UTF-8', 'LS_COLORS': 'rs=0:di=01;34:ln=01;36:mh=00:pi=40;33:so=01;35:do=01;35:bd=40;33;01:cd=40;33;01:or=40;31;01:mi=00:su=37;41:sg=30;43:ca=30;41:tw=30;42:ow=34;42:st=37;44:ex=01;32:*.tar=01;31:*.tgz=01;31:*.arc=01;31:*.arj=01;31:*.taz=01;31:*.lha=01;31:*.lz4=01;31:*.lzh=01;31:*.lzma=01;31:*.tlz=01;31:*.txz=01;31:*.tzo=01;31:*.t7z=01;31:*.zip=01;31:*.z=01;31:*.dz=01;31:*.gz=01;31:*.lrz=01;31:*.lz=01;31:*.lzo=01;31:*.xz=01;31:*.zst=01;31:*.tzst=01;31:*.bz2=01;31:*.bz=01;31:*.tbz=01;31:*.tbz2=01;31:*.tz=01;31:*.deb=01;31:*.rpm=01;31:*.jar=01;31:*.war=01;31:*.ear=01;31:*.sar=01;31:*.rar=01;31:*.alz=01;31:*.ace=01;31:*.zoo=01;31:*.cpio=01;31:*.7z=01;31:*.rz=01;31:*.cab=01;31:*.wim=01;31:*.swm=01;31:*.dwm=01;31:*.esd=01;31:*.jpg=01;35:*.jpeg=01;35:*.mjpg=01;35:*.mjpeg=01;35:*.gif=01;35:*.bmp=01;35:*.pbm=01;35:*.pgm=01;35:*.ppm=01;35:*.tga=01;35:*.xbm=01;35:*.xpm=01;35:*.tif=01;35:*.tiff=01;35:*.png=01;35:*.svg=01;35:*.svgz=01;35:*.mng=01;35:*.pcx=01;35:*.mov=01;35:*.mpg=01;35:*.mpeg=01;35:*.m2v=01;35:*.mkv=01;35:*.webm=01;35:*.webp=01;35:*.ogm=01;35:*.mp4=01;35:*.m4v=01;35:*.mp4v=01;35:*.vob=01;35:*.qt=01;35:*.nuv=01;35:*.wmv=01;35:*.asf=01;35:*.rm=01;35:*.rmvb=01;35:*.flc=01;35:*.avi=01;35:*.fli=01;35:*.flv=01;35:*.gl=01;35:*.dl=01;35:*.xcf=01;35:*.xwd=01;35:*.yuv=01;35:*.cgm=01;35:*.emf=01;35:*.ogv=01;35:*.ogx=01;35:*.aac=00;36:*.au=00;36:*.flac=00;36:*.m4a=00;36:*.mid=00;36:*.midi=00;36:*.mka=00;36:*.mp3=00;36:*.mpc=00;36:*.ogg=00;36:*.ra=00;36:*.wav=00;36:*.oga=00;36:*.opus=00;36:*.spx=00;36:*.xspf=00;36:', 'VSCODE_GIT_IPC_HANDLE': '/run/user/1000/vscode-git-be7fb9c7ef.sock', 'TERM_PROGRAM': 'vscode', 'AMENT_PREFIX_PATH': '/home/dash/Desktop/ros_ws/install/user_interface:/home/dash/Desktop/ros_ws/install/robot_interfaces:/home/dash/Desktop/ros_ws/install/DASH_bringup:/home/dash/Desktop/ros_ws/install/nlp_subsystem:/home/dash/Desktop/ros_ws/install/cv_subsystem:/home/dash/Desktop/ros_ws/install/controller:/home/dash/Desktop/depthai-ros/install/depthai-ros:/home/dash/Desktop/depthai-ros/install/depthai_ros_driver:/home/dash/Desktop/depthai-ros/install/depthai_filters:/home/dash/Desktop/depthai-ros/install/depthai_examples:/home/dash/Desktop/depthai-ros/install/depthai_bridge:/home/dash/Desktop/depthai-ros/install/depthai_ros_msgs:/home/dash/Desktop/depthai-ros/install/depthai_descriptions:/opt/ros/humble', 'SHELL': '/bin/bash', 'LC_NAME': 'ar_SA.UTF-8', 'LESSCLOSE': '/usr/bin/lesspipe %s %s', 'IGN_GAZEBO_RESOURCE_PATH': '/home/dash/Desktop/depthai-ros/install/depthai_descriptions/share', 'LC_MEASUREMENT': 'ar_SA.UTF-8', 'GAZEBO_RESOURCE_PATH': '/home/dash/Desktop/depthai-ros/install/depthai_descriptions/share', 'LC_IDENTIFICATION': 'ar_SA.UTF-8', 'VSCODE_GIT_ASKPASS_EXTRA_ARGS': '', 'PWD': '/home/dash/Desktop/ros_ws/build/cv_subsystem', 'LC_ALL': 'en_US.UTF-8', 'SSH_CONNECTION': '172.20.10.9 51087 172.20.10.2 22', 'XDG_DATA_DIRS': '/usr/share/gnome:/usr/local/share:/usr/share:/var/lib/snapd/desktop', 'PYTHONPATH': '/home/dash/Desktop/ros_ws/build/cv_subsystem/prefix_override:/home/dash/Desktop/ros_ws/install/cv_subsystem/lib/python3.10/site-packages:/home/dash/Desktop/ros_ws/install/user_interface/lib/python3.10/site-packages:/home/dash/Desktop/ros_ws/install/robot_interfaces/local/lib/python3.10/dist-packages:/home/dash/Desktop/ros_ws/install/nlp_subsystem/lib/python3.10/site-packages:/home/dash/Desktop/ros_ws/install/cv_subsystem/lib/python3.10/site-packages:/home/dash/Desktop/ros_ws/install/controller/lib/python3.10/site-packages:/home/dash/Desktop/depthai-ros/install/depthai_ros_driver/local/lib/python3.10/dist-packages:/home/dash/Desktop/depthai-ros/install/depthai_ros_msgs/local/lib/python3.10/dist-packages:/opt/ros/humble/lib/python3.10/site-packages:/opt/ros/humble/local/lib/python3.10/dist-packages', 'LC_NUMERIC': 'ar_SA.UTF-8', 'LC_PAPER': 'ar_SA.UTF-8', 'COLCON': '1', 'CMAKE_PREFIX_PATH': '/home/dash/Desktop/ros_ws/install/robot_interfaces:/home/dash/Desktop/ros_ws/install/DASH_bringup:/home/dash/Desktop/depthai-ros/install/depthai-ros:/home/dash/Desktop/depthai-ros/install/depthai_ros_driver:/home/dash/Desktop/depthai-ros/install/depthai_filters:/home/dash/Desktop/depthai-ros/install/depthai_examples:/home/dash/Desktop/depthai-ros/install/depthai_bridge:/home/dash/Desktop/depthai-ros/install/depthai_ros_msgs:/home/dash/Desktop/depthai-ros/install/depthai_descriptions'}, 'shell': False}
[9.337909] (-) TimerEvent: {}
[9.438718] (-) TimerEvent: {}
[9.543354] (-) TimerEvent: {}
[9.654843] (-) TimerEvent: {}
[9.762860] (-) TimerEvent: {}
[9.834957] (controller) Command: {'cmd': ['/usr/bin/python3', '-W', 'ignore:setup.py install is deprecated', 'setup.py', 'egg_info', '--egg-base', '../../build/controller', 'build', '--build-base', '/home/dash/Desktop/ros_ws/build/controller/build', 'install', '--record', '/home/dash/Desktop/ros_ws/build/controller/install.log', '--single-version-externally-managed', 'install_data'], 'cwd': '/home/dash/Desktop/ros_ws/src/controller', 'env': {'LESSOPEN': '| /usr/bin/lesspipe %s', 'USER': 'dash', 'SSH_CLIENT': '172.20.10.9 51087 22', 'LC_TIME': 'ar_SA.UTF-8', 'XDG_SESSION_TYPE': 'tty', 'GIT_ASKPASS': '/home/dash/.vscode-server/cli/servers/Stable-dc96b837cf6bb4af9cd736aa3af08cf8279f7685/server/extensions/git/dist/askpass.sh', 'SHLVL': '2', 'LD_LIBRARY_PATH': '/home/dash/Desktop/ros_ws/install/robot_interfaces/lib:/home/dash/Desktop/depthai-ros/install/depthai_ros_driver/lib:/home/dash/Desktop/depthai-ros/install/depthai_filters/lib:/home/dash/Desktop/depthai-ros/install/depthai_bridge/lib:/home/dash/Desktop/depthai-ros/install/depthai_ros_msgs/lib:/opt/ros/humble/opt/rviz_ogre_vendor/lib:/opt/ros/humble/lib/aarch64-linux-gnu:/opt/ros/humble/lib', 'BROWSER': '/home/dash/.vscode-server/cli/servers/Stable-dc96b837cf6bb4af9cd736aa3af08cf8279f7685/server/bin/helpers/browser.sh', 'MOTD_SHOWN': 'pam', 'HOME': '/home/dash', 'OLDPWD': '/home/dash/Desktop', 'TERM_PROGRAM_VERSION': '1.89.1', 'VSCODE_IPC_HOOK_CLI': '/run/user/1000/vscode-ipc-08eb3ce2-7f40-47b8-a0a1-cd839f10e4e4.sock', 'ROS_PYTHON_VERSION': '3', 'VSCODE_GIT_ASKPASS_MAIN': '/home/dash/.vscode-server/cli/servers/Stable-dc96b837cf6bb4af9cd736aa3af08cf8279f7685/server/extensions/git/dist/askpass-main.js', 'LC_MONETARY': 'ar_SA.UTF-8', 'VSCODE_GIT_ASKPASS_NODE': '/home/dash/.vscode-server/cli/servers/Stable-dc96b837cf6bb4af9cd736aa3af08cf8279f7685/server/node', 'SSL_CERT_FILE': '/usr/lib/ssl/certs/ca-certificates.crt', 'DBUS_SESSION_BUS_ADDRESS': 'unix:path=/run/user/1000/bus', 'COLORTERM': 'truecolor', 'COLCON_PREFIX_PATH': '/home/dash/Desktop/depthai-ros/install:/home/dash/Desktop/ros_ws/install', 'ROS_DISTRO': 'humble', 'LOGNAME': 'dash', 'IGN_GAZEBO_MODEL_PATH': '/home/dash/Desktop/depthai-ros/install/depthai_descriptions/share', '_': '/usr/bin/colcon', 'ROS_VERSION': '2', 'XDG_SESSION_CLASS': 'user', 'TERM': 'xterm-256color', 'XDG_SESSION_ID': '4', 'GAZEBO_MODEL_PATH': '/home/dash/Desktop/depthai-ros/install/depthai_descriptions/share', 'ROS_LOCALHOST_ONLY': '0', 'PATH': '/opt/ros/humble/bin:/home/dash/.vscode-server/cli/servers/Stable-dc96b837cf6bb4af9cd736aa3af08cf8279f7685/server/bin/remote-cli:/home/dash/.local/bin:/usr/local/sbin:/usr/local/bin:/usr/sbin:/usr/bin:/sbin:/bin:/usr/games:/usr/local/games:/snap/bin:/home/dash/Luxonis/depthai/entrypoint', 'LC_ADDRESS': 'ar_SA.UTF-8', 'XDG_RUNTIME_DIR': '/run/user/1000', 'SSL_CERT_DIR': '/usr/lib/ssl/certs', 'LANG': 'en_US.UTF-8', 'LC_TELEPHONE': 'ar_SA.UTF-8', 'LS_COLORS': 'rs=0:di=01;34:ln=01;36:mh=00:pi=40;33:so=01;35:do=01;35:bd=40;33;01:cd=40;33;01:or=40;31;01:mi=00:su=37;41:sg=30;43:ca=30;41:tw=30;42:ow=34;42:st=37;44:ex=01;32:*.tar=01;31:*.tgz=01;31:*.arc=01;31:*.arj=01;31:*.taz=01;31:*.lha=01;31:*.lz4=01;31:*.lzh=01;31:*.lzma=01;31:*.tlz=01;31:*.txz=01;31:*.tzo=01;31:*.t7z=01;31:*.zip=01;31:*.z=01;31:*.dz=01;31:*.gz=01;31:*.lrz=01;31:*.lz=01;31:*.lzo=01;31:*.xz=01;31:*.zst=01;31:*.tzst=01;31:*.bz2=01;31:*.bz=01;31:*.tbz=01;31:*.tbz2=01;31:*.tz=01;31:*.deb=01;31:*.rpm=01;31:*.jar=01;31:*.war=01;31:*.ear=01;31:*.sar=01;31:*.rar=01;31:*.alz=01;31:*.ace=01;31:*.zoo=01;31:*.cpio=01;31:*.7z=01;31:*.rz=01;31:*.cab=01;31:*.wim=01;31:*.swm=01;31:*.dwm=01;31:*.esd=01;31:*.jpg=01;35:*.jpeg=01;35:*.mjpg=01;35:*.mjpeg=01;35:*.gif=01;35:*.bmp=01;35:*.pbm=01;35:*.pgm=01;35:*.ppm=01;35:*.tga=01;35:*.xbm=01;35:*.xpm=01;35:*.tif=01;35:*.tiff=01;35:*.png=01;35:*.svg=01;35:*.svgz=01;35:*.mng=01;35:*.pcx=01;35:*.mov=01;35:*.mpg=01;35:*.mpeg=01;35:*.m2v=01;35:*.mkv=01;35:*.webm=01;35:*.webp=01;35:*.ogm=01;35:*.mp4=01;35:*.m4v=01;35:*.mp4v=01;35:*.vob=01;35:*.qt=01;35:*.nuv=01;35:*.wmv=01;35:*.asf=01;35:*.rm=01;35:*.rmvb=01;35:*.flc=01;35:*.avi=01;35:*.fli=01;35:*.flv=01;35:*.gl=01;35:*.dl=01;35:*.xcf=01;35:*.xwd=01;35:*.yuv=01;35:*.cgm=01;35:*.emf=01;35:*.ogv=01;35:*.ogx=01;35:*.aac=00;36:*.au=00;36:*.flac=00;36:*.m4a=00;36:*.mid=00;36:*.midi=00;36:*.mka=00;36:*.mp3=00;36:*.mpc=00;36:*.ogg=00;36:*.ra=00;36:*.wav=00;36:*.oga=00;36:*.opus=00;36:*.spx=00;36:*.xspf=00;36:', 'VSCODE_GIT_IPC_HANDLE': '/run/user/1000/vscode-git-be7fb9c7ef.sock', 'TERM_PROGRAM': 'vscode', 'AMENT_PREFIX_PATH': '/home/dash/Desktop/ros_ws/install/user_interface:/home/dash/Desktop/ros_ws/install/robot_interfaces:/home/dash/Desktop/ros_ws/install/DASH_bringup:/home/dash/Desktop/ros_ws/install/nlp_subsystem:/home/dash/Desktop/ros_ws/install/cv_subsystem:/home/dash/Desktop/ros_ws/install/controller:/home/dash/Desktop/depthai-ros/install/depthai-ros:/home/dash/Desktop/depthai-ros/install/depthai_ros_driver:/home/dash/Desktop/depthai-ros/install/depthai_filters:/home/dash/Desktop/depthai-ros/install/depthai_examples:/home/dash/Desktop/depthai-ros/install/depthai_bridge:/home/dash/Desktop/depthai-ros/install/depthai_ros_msgs:/home/dash/Desktop/depthai-ros/install/depthai_descriptions:/opt/ros/humble', 'SHELL': '/bin/bash', 'LC_NAME': 'ar_SA.UTF-8', 'LESSCLOSE': '/usr/bin/lesspipe %s %s', 'IGN_GAZEBO_RESOURCE_PATH': '/home/dash/Desktop/depthai-ros/install/depthai_descriptions/share', 'LC_MEASUREMENT': 'ar_SA.UTF-8', 'GAZEBO_RESOURCE_PATH': '/home/dash/Desktop/depthai-ros/install/depthai_descriptions/share', 'LC_IDENTIFICATION': 'ar_SA.UTF-8', 'VSCODE_GIT_ASKPASS_EXTRA_ARGS': '', 'PWD': '/home/dash/Desktop/ros_ws/build/controller', 'LC_ALL': 'en_US.UTF-8', 'SSH_CONNECTION': '172.20.10.9 51087 172.20.10.2 22', 'XDG_DATA_DIRS': '/usr/share/gnome:/usr/local/share:/usr/share:/var/lib/snapd/desktop', 'PYTHONPATH': '/home/dash/Desktop/ros_ws/build/controller/prefix_override:/home/dash/Desktop/ros_ws/install/controller/lib/python3.10/site-packages:/home/dash/Desktop/ros_ws/install/user_interface/lib/python3.10/site-packages:/home/dash/Desktop/ros_ws/install/robot_interfaces/local/lib/python3.10/dist-packages:/home/dash/Desktop/ros_ws/install/nlp_subsystem/lib/python3.10/site-packages:/home/dash/Desktop/ros_ws/install/cv_subsystem/lib/python3.10/site-packages:/home/dash/Desktop/ros_ws/install/controller/lib/python3.10/site-packages:/home/dash/Desktop/depthai-ros/install/depthai_ros_driver/local/lib/python3.10/dist-packages:/home/dash/Desktop/depthai-ros/install/depthai_ros_msgs/local/lib/python3.10/dist-packages:/opt/ros/humble/lib/python3.10/site-packages:/opt/ros/humble/local/lib/python3.10/dist-packages', 'LC_NUMERIC': 'ar_SA.UTF-8', 'LC_PAPER': 'ar_SA.UTF-8', 'COLCON': '1', 'CMAKE_PREFIX_PATH': '/home/dash/Desktop/ros_ws/install/robot_interfaces:/home/dash/Desktop/ros_ws/install/DASH_bringup:/home/dash/Desktop/depthai-ros/install/depthai-ros:/home/dash/Desktop/depthai-ros/install/depthai_ros_driver:/home/dash/Desktop/depthai-ros/install/depthai_filters:/home/dash/Desktop/depthai-ros/install/depthai_examples:/home/dash/Desktop/depthai-ros/install/depthai_bridge:/home/dash/Desktop/depthai-ros/install/depthai_ros_msgs:/home/dash/Desktop/depthai-ros/install/depthai_descriptions'}, 'shell': False}
[9.868085] (-) TimerEvent: {}
[9.973125] (-) TimerEvent: {}
[10.076349] (-) TimerEvent: {}
[10.178192] (-) TimerEvent: {}
[10.280397] (-) TimerEvent: {}
[10.336465] (nlp_subsystem) Command: {'cmd': ['/usr/bin/python3', '-W', 'ignore:setup.py install is deprecated', 'setup.py', 'egg_info', '--egg-base', '../../build/nlp_subsystem', 'build', '--build-base', '/home/dash/Desktop/ros_ws/build/nlp_subsystem/build', 'install', '--record', '/home/dash/Desktop/ros_ws/build/nlp_subsystem/install.log', '--single-version-externally-managed', 'install_data'], 'cwd': '/home/dash/Desktop/ros_ws/src/nlp_subsystem', 'env': {'LESSOPEN': '| /usr/bin/lesspipe %s', 'USER': 'dash', 'SSH_CLIENT': '172.20.10.9 51087 22', 'LC_TIME': 'ar_SA.UTF-8', 'XDG_SESSION_TYPE': 'tty', 'GIT_ASKPASS': '/home/dash/.vscode-server/cli/servers/Stable-dc96b837cf6bb4af9cd736aa3af08cf8279f7685/server/extensions/git/dist/askpass.sh', 'SHLVL': '2', 'LD_LIBRARY_PATH': '/home/dash/Desktop/ros_ws/install/robot_interfaces/lib:/home/dash/Desktop/depthai-ros/install/depthai_ros_driver/lib:/home/dash/Desktop/depthai-ros/install/depthai_filters/lib:/home/dash/Desktop/depthai-ros/install/depthai_bridge/lib:/home/dash/Desktop/depthai-ros/install/depthai_ros_msgs/lib:/opt/ros/humble/opt/rviz_ogre_vendor/lib:/opt/ros/humble/lib/aarch64-linux-gnu:/opt/ros/humble/lib', 'BROWSER': '/home/dash/.vscode-server/cli/servers/Stable-dc96b837cf6bb4af9cd736aa3af08cf8279f7685/server/bin/helpers/browser.sh', 'MOTD_SHOWN': 'pam', 'HOME': '/home/dash', 'OLDPWD': '/home/dash/Desktop', 'TERM_PROGRAM_VERSION': '1.89.1', 'VSCODE_IPC_HOOK_CLI': '/run/user/1000/vscode-ipc-08eb3ce2-7f40-47b8-a0a1-cd839f10e4e4.sock', 'ROS_PYTHON_VERSION': '3', 'VSCODE_GIT_ASKPASS_MAIN': '/home/dash/.vscode-server/cli/servers/Stable-dc96b837cf6bb4af9cd736aa3af08cf8279f7685/server/extensions/git/dist/askpass-main.js', 'LC_MONETARY': 'ar_SA.UTF-8', 'VSCODE_GIT_ASKPASS_NODE': '/home/dash/.vscode-server/cli/servers/Stable-dc96b837cf6bb4af9cd736aa3af08cf8279f7685/server/node', 'SSL_CERT_FILE': '/usr/lib/ssl/certs/ca-certificates.crt', 'DBUS_SESSION_BUS_ADDRESS': 'unix:path=/run/user/1000/bus', 'COLORTERM': 'truecolor', 'COLCON_PREFIX_PATH': '/home/dash/Desktop/depthai-ros/install:/home/dash/Desktop/ros_ws/install', 'ROS_DISTRO': 'humble', 'LOGNAME': 'dash', 'IGN_GAZEBO_MODEL_PATH': '/home/dash/Desktop/depthai-ros/install/depthai_descriptions/share', '_': '/usr/bin/colcon', 'ROS_VERSION': '2', 'XDG_SESSION_CLASS': 'user', 'TERM': 'xterm-256color', 'XDG_SESSION_ID': '4', 'GAZEBO_MODEL_PATH': '/home/dash/Desktop/depthai-ros/install/depthai_descriptions/share', 'ROS_LOCALHOST_ONLY': '0', 'PATH': '/opt/ros/humble/bin:/home/dash/.vscode-server/cli/servers/Stable-dc96b837cf6bb4af9cd736aa3af08cf8279f7685/server/bin/remote-cli:/home/dash/.local/bin:/usr/local/sbin:/usr/local/bin:/usr/sbin:/usr/bin:/sbin:/bin:/usr/games:/usr/local/games:/snap/bin:/home/dash/Luxonis/depthai/entrypoint', 'LC_ADDRESS': 'ar_SA.UTF-8', 'XDG_RUNTIME_DIR': '/run/user/1000', 'SSL_CERT_DIR': '/usr/lib/ssl/certs', 'LANG': 'en_US.UTF-8', 'LC_TELEPHONE': 'ar_SA.UTF-8', 'LS_COLORS': 'rs=0:di=01;34:ln=01;36:mh=00:pi=40;33:so=01;35:do=01;35:bd=40;33;01:cd=40;33;01:or=40;31;01:mi=00:su=37;41:sg=30;43:ca=30;41:tw=30;42:ow=34;42:st=37;44:ex=01;32:*.tar=01;31:*.tgz=01;31:*.arc=01;31:*.arj=01;31:*.taz=01;31:*.lha=01;31:*.lz4=01;31:*.lzh=01;31:*.lzma=01;31:*.tlz=01;31:*.txz=01;31:*.tzo=01;31:*.t7z=01;31:*.zip=01;31:*.z=01;31:*.dz=01;31:*.gz=01;31:*.lrz=01;31:*.lz=01;31:*.lzo=01;31:*.xz=01;31:*.zst=01;31:*.tzst=01;31:*.bz2=01;31:*.bz=01;31:*.tbz=01;31:*.tbz2=01;31:*.tz=01;31:*.deb=01;31:*.rpm=01;31:*.jar=01;31:*.war=01;31:*.ear=01;31:*.sar=01;31:*.rar=01;31:*.alz=01;31:*.ace=01;31:*.zoo=01;31:*.cpio=01;31:*.7z=01;31:*.rz=01;31:*.cab=01;31:*.wim=01;31:*.swm=01;31:*.dwm=01;31:*.esd=01;31:*.jpg=01;35:*.jpeg=01;35:*.mjpg=01;35:*.mjpeg=01;35:*.gif=01;35:*.bmp=01;35:*.pbm=01;35:*.pgm=01;35:*.ppm=01;35:*.tga=01;35:*.xbm=01;35:*.xpm=01;35:*.tif=01;35:*.tiff=01;35:*.png=01;35:*.svg=01;35:*.svgz=01;35:*.mng=01;35:*.pcx=01;35:*.mov=01;35:*.mpg=01;35:*.mpeg=01;35:*.m2v=01;35:*.mkv=01;35:*.webm=01;35:*.webp=01;35:*.ogm=01;35:*.mp4=01;35:*.m4v=01;35:*.mp4v=01;35:*.vob=01;35:*.qt=01;35:*.nuv=01;35:*.wmv=01;35:*.asf=01;35:*.rm=01;35:*.rmvb=01;35:*.flc=01;35:*.avi=01;35:*.fli=01;35:*.flv=01;35:*.gl=01;35:*.dl=01;35:*.xcf=01;35:*.xwd=01;35:*.yuv=01;35:*.cgm=01;35:*.emf=01;35:*.ogv=01;35:*.ogx=01;35:*.aac=00;36:*.au=00;36:*.flac=00;36:*.m4a=00;36:*.mid=00;36:*.midi=00;36:*.mka=00;36:*.mp3=00;36:*.mpc=00;36:*.ogg=00;36:*.ra=00;36:*.wav=00;36:*.oga=00;36:*.opus=00;36:*.spx=00;36:*.xspf=00;36:', 'VSCODE_GIT_IPC_HANDLE': '/run/user/1000/vscode-git-be7fb9c7ef.sock', 'TERM_PROGRAM': 'vscode', 'AMENT_PREFIX_PATH': '/home/dash/Desktop/ros_ws/install/user_interface:/home/dash/Desktop/ros_ws/install/robot_interfaces:/home/dash/Desktop/ros_ws/install/DASH_bringup:/home/dash/Desktop/ros_ws/install/nlp_subsystem:/home/dash/Desktop/ros_ws/install/cv_subsystem:/home/dash/Desktop/ros_ws/install/controller:/home/dash/Desktop/depthai-ros/install/depthai-ros:/home/dash/Desktop/depthai-ros/install/depthai_ros_driver:/home/dash/Desktop/depthai-ros/install/depthai_filters:/home/dash/Desktop/depthai-ros/install/depthai_examples:/home/dash/Desktop/depthai-ros/install/depthai_bridge:/home/dash/Desktop/depthai-ros/install/depthai_ros_msgs:/home/dash/Desktop/depthai-ros/install/depthai_descriptions:/opt/ros/humble', 'SHELL': '/bin/bash', 'LC_NAME': 'ar_SA.UTF-8', 'LESSCLOSE': '/usr/bin/lesspipe %s %s', 'IGN_GAZEBO_RESOURCE_PATH': '/home/dash/Desktop/depthai-ros/install/depthai_descriptions/share', 'LC_MEASUREMENT': 'ar_SA.UTF-8', 'GAZEBO_RESOURCE_PATH': '/home/dash/Desktop/depthai-ros/install/depthai_descriptions/share', 'LC_IDENTIFICATION': 'ar_SA.UTF-8', 'VSCODE_GIT_ASKPASS_EXTRA_ARGS': '', 'PWD': '/home/dash/Desktop/ros_ws/build/nlp_subsystem', 'LC_ALL': 'en_US.UTF-8', 'SSH_CONNECTION': '172.20.10.9 51087 172.20.10.2 22', 'XDG_DATA_DIRS': '/usr/share/gnome:/usr/local/share:/usr/share:/var/lib/snapd/desktop', 'PYTHONPATH': '/home/dash/Desktop/ros_ws/build/nlp_subsystem/prefix_override:/home/dash/Desktop/ros_ws/install/nlp_subsystem/lib/python3.10/site-packages:/home/dash/Desktop/ros_ws/install/user_interface/lib/python3.10/site-packages:/home/dash/Desktop/ros_ws/install/robot_interfaces/local/lib/python3.10/dist-packages:/home/dash/Desktop/ros_ws/install/nlp_subsystem/lib/python3.10/site-packages:/home/dash/Desktop/ros_ws/install/cv_subsystem/lib/python3.10/site-packages:/home/dash/Desktop/ros_ws/install/controller/lib/python3.10/site-packages:/home/dash/Desktop/depthai-ros/install/depthai_ros_driver/local/lib/python3.10/dist-packages:/home/dash/Desktop/depthai-ros/install/depthai_ros_msgs/local/lib/python3.10/dist-packages:/opt/ros/humble/lib/python3.10/site-packages:/opt/ros/humble/local/lib/python3.10/dist-packages', 'LC_NUMERIC': 'ar_SA.UTF-8', 'LC_PAPER': 'ar_SA.UTF-8', 'COLCON': '1', 'CMAKE_PREFIX_PATH': '/home/dash/Desktop/ros_ws/install/robot_interfaces:/home/dash/Desktop/ros_ws/install/DASH_bringup:/home/dash/Desktop/depthai-ros/install/depthai-ros:/home/dash/Desktop/depthai-ros/install/depthai_ros_driver:/home/dash/Desktop/depthai-ros/install/depthai_filters:/home/dash/Desktop/depthai-ros/install/depthai_examples:/home/dash/Desktop/depthai-ros/install/depthai_bridge:/home/dash/Desktop/depthai-ros/install/depthai_ros_msgs:/home/dash/Desktop/depthai-ros/install/depthai_descriptions'}, 'shell': False}
[10.380589] (-) TimerEvent: {}
[10.481991] (-) TimerEvent: {}
[10.583854] (-) TimerEvent: {}
[10.685975] (-) TimerEvent: {}
[10.787414] (-) TimerEvent: {}
[10.888995] (-) TimerEvent: {}
[10.990494] (-) TimerEvent: {}
[11.092146] (-) TimerEvent: {}
[11.145858] (robot_interfaces) StdoutLine: {'line': b'running egg_info\n'}
[11.150850] (robot_interfaces) StdoutLine: {'line': b'writing robot_interfaces.egg-info/PKG-INFO\n'}
[11.155835] (robot_interfaces) StdoutLine: {'line': b'writing dependency_links to robot_interfaces.egg-info/dependency_links.txt\n'}
[11.159078] (robot_interfaces) StdoutLine: {'line': b'writing top-level names to robot_interfaces.egg-info/top_level.txt\n'}
[11.168107] (robot_interfaces) StdoutLine: {'line': b"reading manifest file 'robot_interfaces.egg-info/SOURCES.txt'\n"}
[11.171927] (robot_interfaces) StdoutLine: {'line': b"writing manifest file 'robot_interfaces.egg-info/SOURCES.txt'\n"}
[11.192449] (-) TimerEvent: {}
[11.294749] (-) TimerEvent: {}
[11.362812] (robot_interfaces) StdoutLine: {'line': b'[100%] Built target ament_cmake_python_build_robot_interfaces_egg\n'}
[11.394994] (-) TimerEvent: {}
[11.491496] (robot_interfaces) CommandEnded: {'returncode': 0}
[11.495722] (-) TimerEvent: {}
[11.597021] (-) TimerEvent: {}
[11.715344] (-) TimerEvent: {}
[11.816878] (-) TimerEvent: {}
[11.918397] (-) TimerEvent: {}
[12.019334] (-) TimerEvent: {}
[12.120236] (-) TimerEvent: {}
[12.147515] (controller) StderrLine: {'line': b'Traceback (most recent call last):\n'}
[12.153481] (controller) StderrLine: {'line': b'  File "/home/dash/.local/lib/python3.10/site-packages/pkg_resources/__init__.py", line 2851, in get_entry_map\n'}
[12.160202] (cv_subsystem) StderrLine: {'line': b'Traceback (most recent call last):\n'}
[12.164433] (cv_subsystem) StderrLine: {'line': b'  File "/home/dash/Desktop/ros_ws/src/cv_subsystem/setup.py", line 1, in <module>\n'}
[12.169470] (nlp_subsystem) StderrLine: {'line': b'Traceback (most recent call last):\n'}
[12.173249] (nlp_subsystem) StderrLine: {'line': b'  File "/home/dash/Desktop/ros_ws/src/nlp_subsystem/setup.py", line 1, in <module>\n'}
[12.182160] (cv_subsystem) StderrLine: {'line': b'    from setuptools import find_packages, setup\n'}
[12.194240] (nlp_subsystem) StderrLine: {'line': b'    from setuptools import find_packages, setup\n'}
[12.202353] (nlp_subsystem) StderrLine: {'line': b'  File "/home/dash/.local/lib/python3.10/site-packages/setuptools/__init__.py", line 16, in <module>\n'}
[12.213599] (cv_subsystem) StderrLine: {'line': b'  File "/home/dash/.local/lib/python3.10/site-packages/setuptools/__init__.py", line 19, in <module>\n'}
[12.222148] (-) TimerEvent: {}
[12.224262] (nlp_subsystem) StderrLine: {'line': b'    import setuptools.version\n'}
[12.233922] (nlp_subsystem) StderrLine: {'line': b'  File "/home/dash/.local/lib/python3.10/site-packages/setuptools/version.py", line 1, in <module>\n'}
[12.239597] (controller) StderrLine: {'line': b'    ep_map = self._ep_map\n'}
[12.245249] (controller) StderrLine: {'line': b'  File "/home/dash/.local/lib/python3.10/site-packages/pkg_resources/__init__.py", line 2813, in __getattr__\n'}
[12.259427] (controller) StderrLine: {'line': b'    raise AttributeError(attr)\n'}
[12.275476] (nlp_subsystem) StderrLine: {'line': b'    import pkg_resources\n'}
[12.281068] (nlp_subsystem) StderrLine: {'line': b'  File "/home/dash/.local/lib/python3.10/site-packages/pkg_resources/__init__.py", line 3243, in <module>\n'}
[12.287958] (controller) StderrLine: {'line': b"AttributeError: _ep_map. Did you mean: '_dep_map'?\n"}
[12.295170] (controller) StderrLine: {'line': b'\n'}
[12.301801] (controller) StderrLine: {'line': b'During handling of the above exception, another exception occurred:\n'}
[12.308442] (controller) StderrLine: {'line': b'\n'}
[12.314361] (controller) StderrLine: {'line': b'Traceback (most recent call last):\n'}
[12.320327] (controller) StderrLine: {'line': b'  File "/home/dash/Desktop/ros_ws/src/controller/setup.py", line 5, in <module>\n'}
[12.326731] (-) TimerEvent: {}
[12.342014] (controller) StderrLine: {'line': b'    setup(\n'}
[12.343692] (controller) StderrLine: {'line': b'  File "/home/dash/.local/lib/python3.10/site-packages/setuptools/__init__.py", line 152, in setup\n'}
[12.344846] (controller) StderrLine: {'line': b'    _install_setup_requires(attrs)\n'}
[12.347929] (controller) StderrLine: {'line': b'  File "/home/dash/.local/lib/python3.10/site-packages/setuptools/__init__.py", line 142, in _install_setup_requires\n'}
[12.351064] (controller) StderrLine: {'line': b'    dist = MinimalDistribution(attrs)\n'}
[12.352468] (controller) StderrLine: {'line': b'  File "/home/dash/.local/lib/python3.10/site-packages/setuptools/__init__.py", line 134, in __init__\n'}
[12.353595] (controller) StderrLine: {'line': b'    distutils.core.Distribution.__init__(self, filtered)\n'}
[12.355089] (controller) StderrLine: {'line': b'  File "/home/dash/.local/lib/python3.10/site-packages/setuptools/dist.py", line 451, in __init__\n'}
[12.356960] (cv_subsystem) StderrLine: {'line': b'    from setuptools.depends import Require\n'}
[12.358721] (cv_subsystem) StderrLine: {'line': b'  File "/home/dash/.local/lib/python3.10/site-packages/setuptools/depends.py", line 16, in <module>\n'}
[12.360689] (nlp_subsystem) StderrLine: {'line': b'    def _initialize_master_working_set():\n'}
[12.364191] (nlp_subsystem) StderrLine: {'line': b'  File "/home/dash/.local/lib/python3.10/site-packages/pkg_resources/__init__.py", line 3226, in _call_aside\n'}
[12.366431] (cv_subsystem) StderrLine: {'line': b'    class Require:\n'}
[12.368335] (cv_subsystem) StderrLine: {'line': b'KeyboardInterrupt\n'}
[12.369793] (nlp_subsystem) StderrLine: {'line': b'    f(*args, **kwargs)\n'}
[12.371709] (nlp_subsystem) StderrLine: {'line': b'  File "/home/dash/.local/lib/python3.10/site-packages/pkg_resources/__init__.py", line 3268, in _initialize_master_working_set\n'}
[12.373071] (nlp_subsystem) StderrLine: {'line': b'    tuple(\n'}
[12.374395] (nlp_subsystem) StderrLine: {'line': b'  File "/home/dash/.local/lib/python3.10/site-packages/pkg_resources/__init__.py", line 3269, in <genexpr>\n'}
[12.376649] (nlp_subsystem) StderrLine: {'line': b'    dist.activate(replace=False)\n'}
[12.377761] (nlp_subsystem) StderrLine: {'line': b'  File "/home/dash/.local/lib/python3.10/site-packages/pkg_resources/__init__.py", line 2780, in activate\n'}
[12.378745] (controller) StderrLine: {'line': b"    for ep in pkg_resources.iter_entry_points('distutils.setup_keywords'):\n"}
[12.379872] (nlp_subsystem) StderrLine: {'line': b'    fixup_namespace_packages(self.location)\n'}
[12.380887] (nlp_subsystem) StderrLine: {'line': b'  File "/home/dash/.local/lib/python3.10/site-packages/pkg_resources/__init__.py", line 2293, in fixup_namespace_packages\n'}
[12.381837] (controller) StderrLine: {'line': b'  File "/home/dash/.local/lib/python3.10/site-packages/pkg_resources/__init__.py", line 641, in <genexpr>\n'}
[12.382925] (nlp_subsystem) StderrLine: {'line': b'    subpath = _handle_ns(package, path_item)\n'}
[12.385434] (nlp_subsystem) StderrLine: {'line': b'  File "/home/dash/.local/lib/python3.10/site-packages/pkg_resources/__init__.py", line 2194, in _handle_ns\n'}
[12.388302] (controller) StderrLine: {'line': b'    for entry in dist.get_entry_map(group).values()\n'}
[12.390224] (controller) StderrLine: {'line': b'  File "/home/dash/.local/lib/python3.10/site-packages/pkg_resources/__init__.py", line 2853, in get_entry_map\n'}
[12.391783] (nlp_subsystem) StderrLine: {'line': b'    loader = importer.find_spec(packageName).loader\n'}
[12.392762] (nlp_subsystem) StderrLine: {'line': b'  File "<frozen importlib._bootstrap_external>", line 1544, in find_spec\n'}
[12.393909] (controller) StderrLine: {'line': b'    ep_map = self._ep_map = EntryPoint.parse_map(\n'}
[12.395050] (nlp_subsystem) StderrLine: {'line': b'  File "<frozen importlib._bootstrap_external>", line 147, in _path_stat\n'}
[12.395964] (nlp_subsystem) StderrLine: {'line': b'KeyboardInterrupt\n'}
[12.396746] (controller) StderrLine: {'line': b'  File "/home/dash/.local/lib/python3.10/site-packages/pkg_resources/__init__.py", line 2534, in parse_map\n'}
[12.397456] (controller) StderrLine: {'line': b'    for group, lines in data:\n'}
[12.398269] (controller) StderrLine: {'line': b'  File "/home/dash/.local/lib/python3.10/site-packages/pkg_resources/__init__.py", line 3190, in split_sections\n'}
[12.399062] (controller) StderrLine: {'line': b'    for line in yield_lines(s):\n'}
[12.400133] (controller) StderrLine: {'line': b'  File "/home/dash/.local/lib/python3.10/site-packages/pkg_resources/__init__.py", line 2394, in yield_lines\n'}
[12.403758] (controller) StderrLine: {'line': b'    for ss in strs:\n'}
[12.404780] (controller) StderrLine: {'line': b'  File "/home/dash/.local/lib/python3.10/site-packages/pkg_resources/__init__.py", line 2765, in _get_metadata\n'}
[12.405815] (controller) StderrLine: {'line': b'    for line in self.get_metadata_lines(name):\n'}
[12.406778] (controller) StderrLine: {'line': b'  File "/home/dash/.local/lib/python3.10/site-packages/pkg_resources/__init__.py", line 1417, in get_metadata_lines\n'}
[12.409492] (controller) StderrLine: {'line': b'    return yield_lines(self.get_metadata(name))\n'}
[12.410685] (controller) StderrLine: {'line': b'  File "/home/dash/.local/lib/python3.10/site-packages/pkg_resources/__init__.py", line 1406, in get_metadata\n'}
[12.412356] (controller) StderrLine: {'line': b'    path = self._get_metadata_path(name)\n'}
[12.413549] (controller) StderrLine: {'line': b'  File "/home/dash/.local/lib/python3.10/site-packages/pkg_resources/__init__.py", line 1394, in _get_metadata_path\n'}
[12.414799] (controller) StderrLine: {'line': b'    return self._fn(self.egg_info, name)\n'}
[12.416752] (controller) StderrLine: {'line': b'  File "/home/dash/.local/lib/python3.10/site-packages/pkg_resources/__init__.py", line 1473, in _fn\n'}
[12.418659] (controller) StderrLine: {'line': b'    self._validate_resource_path(resource_name)\n'}
[12.420317] (controller) StderrLine: {'line': b'  File "/home/dash/.local/lib/python3.10/site-packages/pkg_resources/__init__.py", line 1534, in _validate_resource_path\n'}
[12.421890] (controller) StderrLine: {'line': b'    ntpath.isabs(path)\n'}
[12.423570] (controller) StderrLine: {'line': b'  File "/usr/lib/python3.10/ntpath.py", line 98, in isabs\n'}
[12.424931] (controller) StderrLine: {'line': b'    s = splitdrive(s)[1]\n'}
[12.426281] (controller) StderrLine: {'line': b'  File "/usr/lib/python3.10/ntpath.py", line 180, in splitdrive\n'}
[12.427819] (-) TimerEvent: {}
[12.428962] (controller) StderrLine: {'line': b'    if (normp[0:2] == sep*2) and (normp[2:3] != sep):\n'}
[12.430850] (controller) StderrLine: {'line': b'KeyboardInterrupt\n'}
[12.432213] (robot_interfaces) StderrLine: {'line': b'Traceback (most recent call last):\n  File "/usr/lib/python3/dist-packages/colcon_parallel_executor/executor/parallel.py", line 75, in execute\n    loop.run_until_complete(future)\n  File "/usr/lib/python3.10/asyncio/base_events.py", line 636, in run_until_complete\n    self.run_forever()\n  File "/usr/lib/python3.10/asyncio/base_events.py", line 603, in run_forever\n    self._run_once()\n  File "/usr/lib/python3.10/asyncio/base_events.py", line 1871, in _run_once\n    event_list = self._selector.select(timeout)\n  File "/usr/lib/python3.10/selectors.py", line 469, in select\n    fd_event_list = self._selector.poll(timeout, max_ev)\nKeyboardInterrupt\n\nDuring handling of the above exception, another exception occurred:\n\nTraceback (most recent call last):\n  File "/usr/lib/python3/dist-packages/colcon_core/executor/__init__.py", line 91, in __call__\n    rc = await self.task(*args, **kwargs)\n  File "/usr/lib/python3/dist-packages/colcon_core/task/__init__.py", line 93, in __call__\n    return await task_method(*args, **kwargs)\n  File "/usr/lib/python3/dist-packages/colcon_ros/task/ament_cmake/build.py", line 59, in build\n    rc = await extension.build(\n  File "/usr/lib/python3/dist-packages/colcon_cmake/task/cmake/build.py", line 110, in build\n    if await has_target(args.build_base, \'install\'):\n  File "/usr/lib/python3/dist-packages/colcon_cmake/task/cmake/__init__.py", line 57, in has_target\n    return target in await get_makefile_targets(path)\n  File "/usr/lib/python3/dist-packages/colcon_cmake/task/cmake/__init__.py", line 77, in get_makefile_targets\n    output = await check_output([\n  File "/usr/lib/python3/dist-packages/colcon_core/subprocess.py", line 129, in check_output\n    assert not rc, f\'Expected {args} to pass: {stderr_data}\'\nAssertionError: Expected [\'/usr/bin/cmake\', \'--build\', \'/home/dash/Desktop/ros_ws/build/robot_interfaces\', \'--target\', \'help\'] to pass: gmake: *** [Makefile:1500: help] Interrupt\n\n'}
[12.434114] (robot_interfaces) JobEnded: {'identifier': 'robot_interfaces', 'rc': 'SIGINT'}
[12.437297] (nlp_subsystem) JobEnded: {'identifier': 'nlp_subsystem', 'rc': 'SIGINT'}
[12.440447] (cv_subsystem) JobEnded: {'identifier': 'cv_subsystem', 'rc': 'SIGINT'}
[12.458307] (controller) JobEnded: {'identifier': 'controller', 'rc': 'SIGINT'}
[12.463479] (user_interface) JobSkipped: {'identifier': 'user_interface'}
[12.463751] (DASH_bringup) JobSkipped: {'identifier': 'DASH_bringup'}
[12.463906] (-) EventReactorShutdown: {}
